memory profiling: sample.interval=20000
:6737407:247300723:376368944:2034:"findLocVar" "cmpCall" "cmp" "cmpBuiltinArgs" "h" "tryInline" "cmpCall" "cmp" "cmpPrim1" "h" "tryInline" "cmpCall" "cmp" "h" "tryInline" "cmpCall" "cmp" "h" "tryInline" "cmpCall" "cmp" "genCode" "h" "tryInline" "cmpCall" "cmp" "cmpSymbolAssign" "h" "tryInline" "cmpCall" "cmp" "h" "tryInline" "cmpCall" "cmp" "genCode" "cmpfun" "doTryCatch" "tryCatchOne" "tryCatchList" "tryCatch" "compiler:::tryCmpfun" "niche_DE" 
:6835240:247337426:392623616:5712:"getFoldFun" "constantFoldCall" "constantFold" "cmp" "cmpPrim2" "h" "tryInline" "cmpCall" "cmp" "h" "tryInline" "cmpCall" "cmp" "h" "tryInline" "cmpCall" "cmp" "genCode" "h" "tryInline" "cmpCall" "cmp" "cmpSymbolAssign" "h" "tryInline" "cmpCall" "cmp" "h" "tryInline" "cmpCall" "cmp" "genCode" "cmpfun" "doTryCatch" "tryCatchOne" "tryCatchList" "tryCatch" "compiler:::tryCmpfun" "niche_DE" 
:6882629:247375113:403349072:4914:"findHomeNS" "nsName" "getInlineInfo" "isBaseVar" "getFoldFun" "constantFoldCall" "constantFold" "constantFoldCall" "constantFold" "h" "tryInline" "cmpCall" "cmp" "h" "tryInline" "cmpCall" "cmp" "h" "tryInline" "cmpCall" "cmp" "h" "tryInline" "cmpCall" "cmp" "genCode" "h" "tryInline" "cmpCall" "cmp" "cmpSymbolAssign" "h" "tryInline" "cmpCall" "cmp" "h" "tryInline" "cmpCall" "cmp" "genCode" "cmpfun" "doTryCatch" "tryCatchOne" "tryCatchList" "tryCatch" "compiler:::tryCmpfun" "niche_DE" 
:6882629:247375113:403349072:0:"findHomeNS" "nsName" "getInlineInfo" "isBaseVar" "getFoldFun" "constantFoldCall" "constantFold" "constantFoldCall" "constantFold" "h" "tryInline" "cmpCall" "cmp" "h" "tryInline" "cmpCall" "cmp" "h" "tryInline" "cmpCall" "cmp" "h" "tryInline" "cmpCall" "cmp" "genCode" "h" "tryInline" "cmpCall" "cmp" "cmpSymbolAssign" "h" "tryInline" "cmpCall" "cmp" "h" "tryInline" "cmpCall" "cmp" "genCode" "cmpfun" "doTryCatch" "tryCatchOne" "tryCatchList" "tryCatch" "compiler:::tryCmpfun" "niche_DE" 
:6221172:247293064:306201448:32:"%in%" "findCenvVar" "getInlineInfo" "isBaseVar" "getFoldFun" "constantFoldCall" "constantFold" "constantFoldCall" "constantFold" "cmp" "h" "tryInline" "cmpCall" "cmp" "h" "tryInline" "cmpCall" "cmp" "h" "tryInline" "cmpCall" "cmp" "h" "tryInline" "cmpCall" "cmp" "genCode" "h" "tryInline" "cmpCall" "cmp" "cmpSymbolAssign" "h" "tryInline" "cmpCall" "cmp" "h" "tryInline" "cmpCall" "cmp" "genCode" "cmpfun" "doTryCatch" "tryCatchOne" "tryCatchList" "tryCatch" "compiler:::tryCmpfun" "niche_DE" 
:6271285:247333195:317822512:4749:"%in%" "constantFoldSym" "constantFold" "cmp" "cmpPrim2" "h" "tryInline" "cmpCall" "cmp" "cmpIndices" "cmpSubsetDispatch" "h" "tryInline" "cmpCall" "cmp" "cmpIndices" "cmpSubsetDispatch" "h" "tryInline" "cmpCall" "cmp" "cmpBuiltinArgs" "h" "tryInline" "cmpCall" "cmp" "genCode" "cb$putconst" "cmpCallArgs" "cmpCallSymFun" "cmpCall" "cmp" "cmpSymbolAssign" "h" "tryInline" "cmpCall" "cmp" "h" "tryInline" "cmpCall" "cmp" "h" "tryInline" "cmpCall" "cmp" "h" "tryInline" "cmpCall" "cmp" "genCode" "cb$putconst" "cmpCallArgs" "cmpCallSymFun" "cmpCall" "cmp" "h" "tryInline" "cmpCall" "cmp" "h" "tryInline" "cmpCall" "cmp" "h" "tryInline" "cmpCall" "cmp" "h" "tryInline" "cmpCall" "cmp" "h" "tryInline" "cmpCall" "cmp" "genCode" "h" "tryInline" "cmpCall" "cmp" "cmpSymbolAssign" "h" "tryInline" "cmpCall" "cmp" "h" "tryInline" "cmpCall" "cmp" "genCode" "cmpfun" "doTryCatch" "tryCatchOne" "tryCatchList" "tryCatch" "compiler:::tryCmpfun" "niche_DE" 
:6322902:247372925:329457352:4872:"environment" "doTryCatch" "tryCatchOne" "tryCatchList" "tryCatch" "checkCall" "cmpCall" "cmp" "cmpComplexAssign" "h" "tryInline" "cmpCall" "cmp" "h" "tryInline" "cmpCall" "cmp" "h" "tryInline" "cmpCall" "cmp" "h" "tryInline" "cmpCall" "cmp" "genCode" "cb$putconst" "cmpCallArgs" "cmpCallSymFun" "cmpCall" "cmp" "h" "tryInline" "cmpCall" "cmp" "h" "tryInline" "cmpCall" "cmp" "h" "tryInline" "cmpCall" "cmp" "h" "tryInline" "cmpCall" "cmp" "h" "tryInline" "cmpCall" "cmp" "genCode" "h" "tryInline" "cmpCall" "cmp" "cmpSymbolAssign" "h" "tryInline" "cmpCall" "cmp" "h" "tryInline" "cmpCall" "cmp" "genCode" "cmpfun" "doTryCatch" "tryCatchOne" "tryCatchList" "tryCatch" "compiler:::tryCmpfun" "niche_DE" 
:6378335:247429759:341841752:5235:"make.codeBuf" "genCode" "cb$putconst" "cmpCallArgs" "cmpCallSymFun" "cmpCall" "cmp" "cmpSymbolAssign" "h" "tryInline" "cmpCall" "cmp" "h" "tryInline" "cmpCall" "cmp" "h" "tryInline" "cmpCall" "cmp" "h" "tryInline" "cmpCall" "cmp" "h" "tryInline" "cmpCall" "cmp" "h" "tryInline" "cmpCall" "cmp" "h" "tryInline" "cmpCall" "cmp" "h" "tryInline" "cmpCall" "cmp" "genCode" "cb$putconst" "cmpCallArgs" "cmpCallSymFun" "cmpCall" "cmp" "h" "tryInline" "cmpCall" "cmp" "h" "tryInline" "cmpCall" "cmp" "h" "tryInline" "cmpCall" "cmp" "h" "tryInline" "cmpCall" "cmp" "h" "tryInline" "cmpCall" "cmp" "genCode" "h" "tryInline" "cmpCall" "cmp" "cmpSymbolAssign" "h" "tryInline" "cmpCall" "cmp" "h" "tryInline" "cmpCall" "cmp" "genCode" "cmpfun" "doTryCatch" "tryCatchOne" "tryCatchList" "tryCatch" "compiler:::tryCmpfun" "niche_DE" 
:6449440:247481213:356819176:6367:"cmpCallArgs" "cmpCallSymFun" "cmpCall" "cmp" "cmpSymbolAssign" "h" "tryInline" "cmpCall" "cmp" "h" "tryInline" "cmpCall" "cmp" "cmpForBody" "h" "tryInline" "cmpCall" "cmp" "h" "tryInline" "cmpCall" "cmp" "genCode" "cmpfun" "doTryCatch" "tryCatchOne" "tryCatchList" "tryCatch" "compiler:::tryCmpfun" "niche_DE" 
:6510038:248313182:369744144:5219:"apply" "niche_DE" 
:6512646:255945968:370508208:305:"rbind.Matrix" "rbind2" "rbind2" "rbind" "rbind" "niche_DE" 
:6513202:258718656:370617632:41:"serialize" "sendData.SOCKnode" "sendData" "postNode" "sendCall" "clusterCall" "parallel::clusterExport" "niche_DE" 
:6514057:258727373:370735624:39:"serialize" "sendData.SOCKnode" "sendData" "postNode" "sendCall" "clusterCall" "parallel::clusterExport" "niche_DE" 
:6514072:258727373:370737304:0:"serialize" "sendData.SOCKnode" "sendData" "postNode" "sendCall" "clusterCall" "parallel::clusterExport" "niche_DE" 
:6514072:258727373:370737304:0:"serialize" "sendData.SOCKnode" "sendData" "postNode" "sendCall" "clusterCall" "parallel::clusterExport" "niche_DE" 
:6515120:258732994:370922272:0:"serialize" "sendData.SOCKnode" "sendData" "postNode" "sendCall" "clusterCall" "parallel::clusterExport" "niche_DE" 
:6515120:258732994:370922272:0:"serialize" "sendData.SOCKnode" "sendData" "postNode" "sendCall" "clusterCall" "parallel::clusterExport" "niche_DE" 
:6515120:258732994:370922272:0:"serialize" "sendData.SOCKnode" "sendData" "postNode" "sendCall" "clusterCall" "parallel::clusterExport" "niche_DE" 
:6516060:258740813:371093016:0:"serialize" "sendData.SOCKnode" "sendData" "postNode" "sendCall" "clusterCall" "parallel::clusterExport" "niche_DE" 
:6516060:258740813:371093016:0:"serialize" "sendData.SOCKnode" "sendData" "postNode" "sendCall" "clusterCall" "parallel::clusterExport" "niche_DE" 
:6516156:258742263:371234136:0:"serialize" "sendData.SOCKnode" "sendData" "postNode" "sendCall" "clusterCall" "parallel::clusterExport" "niche_DE" 
:6517052:258747533:371274344:3:"serialize" "sendData.SOCKnode" "sendData" "postNode" "sendCall" "clusterCall" "parallel::clusterExport" "niche_DE" 
:6517067:258747533:371276024:0:"serialize" "sendData.SOCKnode" "sendData" "postNode" "sendCall" "clusterCall" "parallel::clusterExport" "niche_DE" 
:6517067:258747533:371276024:0:"serialize" "sendData.SOCKnode" "sendData" "postNode" "sendCall" "clusterCall" "parallel::clusterExport" "niche_DE" 
:6518115:258753154:371460992:0:"serialize" "sendData.SOCKnode" "sendData" "postNode" "sendCall" "clusterCall" "parallel::clusterExport" "niche_DE" 
:6518115:258753154:371460992:0:"serialize" "sendData.SOCKnode" "sendData" "postNode" "sendCall" "clusterCall" "parallel::clusterExport" "niche_DE" 
:6518115:258753154:371460992:0:"serialize" "sendData.SOCKnode" "sendData" "postNode" "sendCall" "clusterCall" "parallel::clusterExport" "niche_DE" 
:6519055:258760973:371631736:0:"serialize" "sendData.SOCKnode" "sendData" "postNode" "sendCall" "clusterCall" "parallel::clusterExport" "niche_DE" 
:6519055:258760973:371631736:0:"serialize" "sendData.SOCKnode" "sendData" "postNode" "sendCall" "clusterCall" "parallel::clusterExport" "niche_DE" 
:6520043:258767693:371812616:3:"serialize" "sendData.SOCKnode" "sendData" "postNode" "sendCall" "clusterCall" "parallel::clusterExport" "niche_DE" 
:6520062:258767693:371814744:0:"serialize" "sendData.SOCKnode" "sendData" "postNode" "sendCall" "clusterCall" "parallel::clusterExport" "niche_DE" 
:6520062:258767693:371814744:0:"serialize" "sendData.SOCKnode" "sendData" "postNode" "sendCall" "clusterCall" "parallel::clusterExport" "niche_DE" 
:6521110:258773314:371999712:0:"serialize" "sendData.SOCKnode" "sendData" "postNode" "sendCall" "clusterCall" "parallel::clusterExport" "niche_DE" 
:6521110:258773314:371999712:0:"serialize" "sendData.SOCKnode" "sendData" "postNode" "sendCall" "clusterCall" "parallel::clusterExport" "niche_DE" 
:6521110:258773314:371999712:0:"serialize" "sendData.SOCKnode" "sendData" "postNode" "sendCall" "clusterCall" "parallel::clusterExport" "niche_DE" 
:6522050:258781133:372170456:0:"serialize" "sendData.SOCKnode" "sendData" "postNode" "sendCall" "clusterCall" "parallel::clusterExport" "niche_DE" 
:6522050:258781133:372170456:0:"serialize" "sendData.SOCKnode" "sendData" "postNode" "sendCall" "clusterCall" "parallel::clusterExport" "niche_DE" 
:6522051:258781133:372170568:0:"serialize" "sendData.SOCKnode" "sendData" "postNode" "sendCall" "clusterCall" "parallel::clusterExport" "niche_DE" 
:6523042:258787853:372351784:3:"serialize" "sendData.SOCKnode" "sendData" "postNode" "sendCall" "clusterCall" "parallel::clusterExport" "niche_DE" 
:6523057:258787853:372353464:0:"serialize" "sendData.SOCKnode" "sendData" "postNode" "sendCall" "clusterCall" "parallel::clusterExport" "niche_DE" 
:6523057:258787853:372353464:0:"serialize" "sendData.SOCKnode" "sendData" "postNode" "sendCall" "clusterCall" "parallel::clusterExport" "niche_DE" 
:6524105:258793474:372538432:0:"serialize" "sendData.SOCKnode" "sendData" "postNode" "sendCall" "clusterCall" "parallel::clusterExport" "niche_DE" 
:6524105:258793474:372538432:0:"serialize" "sendData.SOCKnode" "sendData" "postNode" "sendCall" "clusterCall" "parallel::clusterExport" "niche_DE" 
:6524105:258793474:372538432:0:"serialize" "sendData.SOCKnode" "sendData" "postNode" "sendCall" "clusterCall" "parallel::clusterExport" "niche_DE" 
:6525045:258801293:372709176:0:"serialize" "sendData.SOCKnode" "sendData" "postNode" "sendCall" "clusterCall" "parallel::clusterExport" "niche_DE" 
:6525045:258801293:372709176:0:"serialize" "sendData.SOCKnode" "sendData" "postNode" "sendCall" "clusterCall" "parallel::clusterExport" "niche_DE" 
:6526209:258808525:372911952:12:"serialize" "sendData.SOCKnode" "sendData" "postNode" "sendCall" "clusterCall" "parallel::clusterExport" "niche_DE" 
:6526283:258809624:372922872:3:"serialize" "sendData.SOCKnode" "sendData" "postNode" "sendCall" "clusterCall" "parallel::clusterExport" "niche_DE" 
:6526353:258810723:372933344:3:"serialize" "sendData.SOCKnode" "sendData" "postNode" "sendCall" "clusterCall" "parallel::clusterExport" "niche_DE" 
:6526697:258813433:372979320:15:"serialize" "sendData.SOCKnode" "sendData" "postNode" "sendCall" "clusterCall" "parallel::clusterExport" "niche_DE" 
:6526720:258813433:372981896:0:"serialize" "sendData.SOCKnode" "sendData" "postNode" "sendCall" "clusterCall" "parallel::clusterExport" "niche_DE" 
:6526720:258813433:372981896:0:"serialize" "sendData.SOCKnode" "sendData" "postNode" "sendCall" "clusterCall" "parallel::clusterExport" "niche_DE" 
:6527100:258814883:373144912:0:"serialize" "sendData.SOCKnode" "sendData" "postNode" "sendCall" "clusterCall" "parallel::clusterExport" "niche_DE" 
:6527768:258819054:373166864:0:"serialize" "sendData.SOCKnode" "sendData" "postNode" "sendCall" "clusterCall" "parallel::clusterExport" "niche_DE" 
:6527768:258819054:373166864:0:"serialize" "sendData.SOCKnode" "sendData" "postNode" "sendCall" "clusterCall" "parallel::clusterExport" "niche_DE" 
:6527770:258819054:373167088:0:"serialize" "sendData.SOCKnode" "sendData" "postNode" "sendCall" "clusterCall" "parallel::clusterExport" "niche_DE" 
:6528708:258826873:373337608:0:"serialize" "sendData.SOCKnode" "sendData" "postNode" "sendCall" "clusterCall" "parallel::clusterExport" "niche_DE" 
:6528708:258826873:373337608:0:"serialize" "sendData.SOCKnode" "sendData" "postNode" "sendCall" "clusterCall" "parallel::clusterExport" "niche_DE" 
:6528827:258829071:373352840:3:"serialize" "sendData.SOCKnode" "sendData" "postNode" "sendCall" "clusterCall" "parallel::clusterExport" "niche_DE" 
:6528842:258829071:373354520:0:"serialize" "sendData.SOCKnode" "sendData" "postNode" "sendCall" "clusterCall" "parallel::clusterExport" "niche_DE" 
:6528842:258829071:373354520:0:"serialize" "sendData.SOCKnode" "sendData" "postNode" "sendCall" "clusterCall" "parallel::clusterExport" "niche_DE" 
:6529890:258834692:373539488:0:"serialize" "sendData.SOCKnode" "sendData" "postNode" "sendCall" "clusterCall" "parallel::clusterExport" "niche_DE" 
:6529890:258834692:373539488:0:"serialize" "sendData.SOCKnode" "sendData" "postNode" "sendCall" "clusterCall" "parallel::clusterExport" "niche_DE" 
:6529890:258834692:373539488:0:"serialize" "sendData.SOCKnode" "sendData" "postNode" "sendCall" "clusterCall" "parallel::clusterExport" "niche_DE" 
:6530830:258842511:373710232:0:"serialize" "sendData.SOCKnode" "sendData" "postNode" "sendCall" "clusterCall" "parallel::clusterExport" "niche_DE" 
:6530830:258842511:373710232:0:"serialize" "sendData.SOCKnode" "sendData" "postNode" "sendCall" "clusterCall" "parallel::clusterExport" "niche_DE" 
:6530945:258844709:373725016:3:"serialize" "sendData.SOCKnode" "sendData" "postNode" "sendCall" "clusterCall" "parallel::clusterExport" "niche_DE" 
:6530964:258844709:373727144:0:"serialize" "sendData.SOCKnode" "sendData" "postNode" "sendCall" "clusterCall" "parallel::clusterExport" "niche_DE" 
:6530964:258844709:373727144:0:"serialize" "sendData.SOCKnode" "sendData" "postNode" "sendCall" "clusterCall" "parallel::clusterExport" "niche_DE" 
:6532012:258850330:373912112:0:"serialize" "sendData.SOCKnode" "sendData" "postNode" "sendCall" "clusterCall" "parallel::clusterExport" "niche_DE" 
:6532012:258850330:373912112:0:"serialize" "sendData.SOCKnode" "sendData" "postNode" "sendCall" "clusterCall" "parallel::clusterExport" "niche_DE" 
:6532012:258850330:373912112:0:"serialize" "sendData.SOCKnode" "sendData" "postNode" "sendCall" "clusterCall" "parallel::clusterExport" "niche_DE" 
:6532198:258852879:374057656:0:"serialize" "sendData.SOCKnode" "sendData" "postNode" "sendCall" "clusterCall" "parallel::clusterExport" "niche_DE" 
:6532952:258858149:374082856:0:"serialize" "sendData.SOCKnode" "sendData" "postNode" "sendCall" "clusterCall" "parallel::clusterExport" "niche_DE" 
:6532952:258858149:374082856:0:"serialize" "sendData.SOCKnode" "sendData" "postNode" "sendCall" "clusterCall" "parallel::clusterExport" "niche_DE" 
:6533071:258860347:374098088:3:"serialize" "sendData.SOCKnode" "sendData" "postNode" "sendCall" "clusterCall" "parallel::clusterExport" "niche_DE" 
:6533086:258860347:374099768:0:"serialize" "sendData.SOCKnode" "sendData" "postNode" "sendCall" "clusterCall" "parallel::clusterExport" "niche_DE" 
:6533086:258860347:374099768:0:"serialize" "sendData.SOCKnode" "sendData" "postNode" "sendCall" "clusterCall" "parallel::clusterExport" "niche_DE" 
:6534134:258865968:374284736:0:"serialize" "sendData.SOCKnode" "sendData" "postNode" "sendCall" "clusterCall" "parallel::clusterExport" "niche_DE" 
:6534134:258865968:374284736:0:"serialize" "sendData.SOCKnode" "sendData" "postNode" "sendCall" "clusterCall" "parallel::clusterExport" "niche_DE" 
:6534134:258865968:374284736:0:"serialize" "sendData.SOCKnode" "sendData" "postNode" "sendCall" "clusterCall" "parallel::clusterExport" "niche_DE" 
:6535074:258873787:374455480:0:"serialize" "sendData.SOCKnode" "sendData" "postNode" "sendCall" "clusterCall" "parallel::clusterExport" "niche_DE" 
:6535074:258873787:374455480:0:"serialize" "sendData.SOCKnode" "sendData" "postNode" "sendCall" "clusterCall" "parallel::clusterExport" "niche_DE" 
:6535354:270963620:374510080:15:"asMethod" "as" "as.matrix.Matrix" "as.matrix" "parallel::parApply" "niche_DE" 
:6535389:283051842:374514560:2:"aperm.default" "aperm" "parallel::parApply" "niche_DE" 
:6535389:283051842:374514560:0:"aperm.default" "aperm" "parallel::parApply" "niche_DE" 
:6539856:290829913:376388096:1:"FUN" "lapply" "parallel::parApply" "niche_DE" 
:6544054:298152161:378151200:0:"FUN" "lapply" "parallel::parApply" "niche_DE" 
:6546347:301230575:378975632:37:"serialize" "sendData.SOCKnode" "sendData" "postNode" "sendCall" "staticClusterApply" "clusterApply" "do.call" "parLapply" "parallel::parApply" "niche_DE" 
:6546365:301230575:378977648:0:"serialize" "sendData.SOCKnode" "sendData" "postNode" "sendCall" "staticClusterApply" "clusterApply" "do.call" "parLapply" "parallel::parApply" "niche_DE" 
:6546384:301230575:378979776:0:"serialize" "sendData.SOCKnode" "sendData" "postNode" "sendCall" "staticClusterApply" "clusterApply" "do.call" "parLapply" "parallel::parApply" "niche_DE" 
:6546384:301230575:378979776:0:"serialize" "sendData.SOCKnode" "sendData" "postNode" "sendCall" "staticClusterApply" "clusterApply" "do.call" "parLapply" "parallel::parApply" "niche_DE" 
:6547429:301236196:379164408:0:"serialize" "sendData.SOCKnode" "sendData" "postNode" "sendCall" "staticClusterApply" "clusterApply" "do.call" "parLapply" "parallel::parApply" "niche_DE" 
:6547429:301236196:379164408:0:"serialize" "sendData.SOCKnode" "sendData" "postNode" "sendCall" "staticClusterApply" "clusterApply" "do.call" "parLapply" "parallel::parApply" "niche_DE" 
:6547429:301236196:379164408:0:"serialize" "sendData.SOCKnode" "sendData" "postNode" "sendCall" "staticClusterApply" "clusterApply" "do.call" "parLapply" "parallel::parApply" "niche_DE" 
:6548369:301244015:379335152:0:"serialize" "sendData.SOCKnode" "sendData" "postNode" "sendCall" "staticClusterApply" "clusterApply" "do.call" "parLapply" "parallel::parApply" "niche_DE" 
:6548369:301244015:379335152:0:"serialize" "sendData.SOCKnode" "sendData" "postNode" "sendCall" "staticClusterApply" "clusterApply" "do.call" "parLapply" "parallel::parApply" "niche_DE" 
:6548369:301244015:379335152:0:"serialize" "sendData.SOCKnode" "sendData" "postNode" "sendCall" "staticClusterApply" "clusterApply" "do.call" "parLapply" "parallel::parApply" "niche_DE" 
:6548490:301247362:379354248:3:"serialize" "sendData.SOCKnode" "sendData" "postNode" "sendCall" "staticClusterApply" "clusterApply" "do.call" "parLapply" "parallel::parApply" "niche_DE" 
:6548508:301247362:379356264:0:"serialize" "sendData.SOCKnode" "sendData" "postNode" "sendCall" "staticClusterApply" "clusterApply" "do.call" "parLapply" "parallel::parApply" "niche_DE" 
:6548527:301247362:379358392:0:"serialize" "sendData.SOCKnode" "sendData" "postNode" "sendCall" "staticClusterApply" "clusterApply" "do.call" "parLapply" "parallel::parApply" "niche_DE" 
:6548527:301247362:379358392:0:"serialize" "sendData.SOCKnode" "sendData" "postNode" "sendCall" "staticClusterApply" "clusterApply" "do.call" "parLapply" "parallel::parApply" "niche_DE" 
:6548853:301248812:379517600:0:"serialize" "sendData.SOCKnode" "sendData" "postNode" "sendCall" "staticClusterApply" "clusterApply" "do.call" "parLapply" "parallel::parApply" "niche_DE" 
:6549572:301252983:379543024:0:"serialize" "sendData.SOCKnode" "sendData" "postNode" "sendCall" "staticClusterApply" "clusterApply" "do.call" "parLapply" "parallel::parApply" "niche_DE" 
:6549572:301252983:379543024:0:"serialize" "sendData.SOCKnode" "sendData" "postNode" "sendCall" "staticClusterApply" "clusterApply" "do.call" "parLapply" "parallel::parApply" "niche_DE" 
:6549572:301252983:379543024:0:"serialize" "sendData.SOCKnode" "sendData" "postNode" "sendCall" "staticClusterApply" "clusterApply" "do.call" "parLapply" "parallel::parApply" "niche_DE" 
:6550512:301260802:379713768:0:"serialize" "sendData.SOCKnode" "sendData" "postNode" "sendCall" "staticClusterApply" "clusterApply" "do.call" "parLapply" "parallel::parApply" "niche_DE" 
:6550512:301260802:379713768:0:"serialize" "sendData.SOCKnode" "sendData" "postNode" "sendCall" "staticClusterApply" "clusterApply" "do.call" "parLapply" "parallel::parApply" "niche_DE" 
:6550633:301264149:379732864:3:"serialize" "sendData.SOCKnode" "sendData" "postNode" "sendCall" "staticClusterApply" "clusterApply" "do.call" "parLapply" "parallel::parApply" "niche_DE" 
:6550651:301264149:379734880:0:"serialize" "sendData.SOCKnode" "sendData" "postNode" "sendCall" "staticClusterApply" "clusterApply" "do.call" "parLapply" "parallel::parApply" "niche_DE" 
:6550655:301264149:379735328:0:"serialize" "sendData.SOCKnode" "sendData" "postNode" "sendCall" "staticClusterApply" "clusterApply" "do.call" "parLapply" "parallel::parApply" "niche_DE" 
:6550670:301264149:379737008:0:"serialize" "sendData.SOCKnode" "sendData" "postNode" "sendCall" "staticClusterApply" "clusterApply" "do.call" "parLapply" "parallel::parApply" "niche_DE" 
:6550670:301264149:379737008:0:"serialize" "sendData.SOCKnode" "sendData" "postNode" "sendCall" "staticClusterApply" "clusterApply" "do.call" "parLapply" "parallel::parApply" "niche_DE" 
:6551715:301269770:379921640:0:"serialize" "sendData.SOCKnode" "sendData" "postNode" "sendCall" "staticClusterApply" "clusterApply" "do.call" "parLapply" "parallel::parApply" "niche_DE" 
:6551715:301269770:379921640:0:"serialize" "sendData.SOCKnode" "sendData" "postNode" "sendCall" "staticClusterApply" "clusterApply" "do.call" "parLapply" "parallel::parApply" "niche_DE" 
:6551715:301269770:379921640:0:"serialize" "sendData.SOCKnode" "sendData" "postNode" "sendCall" "staticClusterApply" "clusterApply" "do.call" "parLapply" "parallel::parApply" "niche_DE" 
:6551715:301269770:379921640:0:"serialize" "sendData.SOCKnode" "sendData" "postNode" "sendCall" "staticClusterApply" "clusterApply" "do.call" "parLapply" "parallel::parApply" "niche_DE" 
:6552655:301277589:380092384:0:"serialize" "sendData.SOCKnode" "sendData" "postNode" "sendCall" "staticClusterApply" "clusterApply" "do.call" "parLapply" "parallel::parApply" "niche_DE" 
:6552655:301277589:380092384:0:"serialize" "sendData.SOCKnode" "sendData" "postNode" "sendCall" "staticClusterApply" "clusterApply" "do.call" "parLapply" "parallel::parApply" "niche_DE" 
:6552776:301280936:380111480:3:"serialize" "sendData.SOCKnode" "sendData" "postNode" "sendCall" "staticClusterApply" "clusterApply" "do.call" "parLapply" "parallel::parApply" "niche_DE" 
:6552776:301280936:380111480:0:"serialize" "sendData.SOCKnode" "sendData" "postNode" "sendCall" "staticClusterApply" "clusterApply" "do.call" "parLapply" "parallel::parApply" "niche_DE" 
:6552794:301280936:380113496:0:"serialize" "sendData.SOCKnode" "sendData" "postNode" "sendCall" "staticClusterApply" "clusterApply" "do.call" "parLapply" "parallel::parApply" "niche_DE" 
:6552813:301280936:380115624:0:"serialize" "sendData.SOCKnode" "sendData" "postNode" "sendCall" "staticClusterApply" "clusterApply" "do.call" "parLapply" "parallel::parApply" "niche_DE" 
:6552813:301280936:380115624:0:"serialize" "sendData.SOCKnode" "sendData" "postNode" "sendCall" "staticClusterApply" "clusterApply" "do.call" "parLapply" "parallel::parApply" "niche_DE" 
:6552813:301280936:380115624:0:"serialize" "sendData.SOCKnode" "sendData" "postNode" "sendCall" "staticClusterApply" "clusterApply" "do.call" "parLapply" "parallel::parApply" "niche_DE" 
:6552819:301282035:380224824:0:"serialize" "sendData.SOCKnode" "sendData" "postNode" "sendCall" "staticClusterApply" "clusterApply" "do.call" "parLapply" "parallel::parApply" "niche_DE" 
:6553858:301286557:380300256:0:"serialize" "sendData.SOCKnode" "sendData" "postNode" "sendCall" "staticClusterApply" "clusterApply" "do.call" "parLapply" "parallel::parApply" "niche_DE" 
:6553858:301286557:380300256:0:"serialize" "sendData.SOCKnode" "sendData" "postNode" "sendCall" "staticClusterApply" "clusterApply" "do.call" "parLapply" "parallel::parApply" "niche_DE" 
:6553858:301286557:380300256:0:"serialize" "sendData.SOCKnode" "sendData" "postNode" "sendCall" "staticClusterApply" "clusterApply" "do.call" "parLapply" "parallel::parApply" "niche_DE" 
:6553858:301286557:380300256:0:"serialize" "sendData.SOCKnode" "sendData" "postNode" "sendCall" "staticClusterApply" "clusterApply" "do.call" "parLapply" "parallel::parApply" "niche_DE" 
:6554798:301294376:380471000:0:"serialize" "sendData.SOCKnode" "sendData" "postNode" "sendCall" "staticClusterApply" "clusterApply" "do.call" "parLapply" "parallel::parApply" "niche_DE" 
:6554798:301294376:380471000:0:"serialize" "sendData.SOCKnode" "sendData" "postNode" "sendCall" "staticClusterApply" "clusterApply" "do.call" "parLapply" "parallel::parApply" "niche_DE" 
:6554798:301294376:380471000:0:"serialize" "sendData.SOCKnode" "sendData" "postNode" "sendCall" "staticClusterApply" "clusterApply" "do.call" "parLapply" "parallel::parApply" "niche_DE" 
:6554860:301295501:380485336:6:"unserialize" "recvData.SOCKnode" "recvData" "FUN" "lapply" "staticClusterApply" "clusterApply" "do.call" "parLapply" "parallel::parApply" "niche_DE" 
:6554860:301295501:380485336:0:"unserialize" "recvData.SOCKnode" "recvData" "FUN" "lapply" "staticClusterApply" "clusterApply" "do.call" "parLapply" "parallel::parApply" "niche_DE" 
:6554860:301295501:380485336:0:"unserialize" "recvData.SOCKnode" "recvData" "FUN" "lapply" "staticClusterApply" "clusterApply" "do.call" "parLapply" "parallel::parApply" "niche_DE" 
:6554860:301295501:380485336:0:"unserialize" "recvData.SOCKnode" "recvData" "FUN" "lapply" "staticClusterApply" "clusterApply" "do.call" "parLapply" "parallel::parApply" "niche_DE" 
:6554860:301295501:380485336:0:"unserialize" "recvData.SOCKnode" "recvData" "FUN" "lapply" "staticClusterApply" "clusterApply" "do.call" "parLapply" "parallel::parApply" "niche_DE" 
:6554860:301295501:380485336:0:"unserialize" "recvData.SOCKnode" "recvData" "FUN" "lapply" "staticClusterApply" "clusterApply" "do.call" "parLapply" "parallel::parApply" "niche_DE" 
:6554860:301295501:380485336:0:"unserialize" "recvData.SOCKnode" "recvData" "FUN" "lapply" "staticClusterApply" "clusterApply" "do.call" "parLapply" "parallel::parApply" "niche_DE" 
:6554860:301295501:380485336:0:"unserialize" "recvData.SOCKnode" "recvData" "FUN" "lapply" "staticClusterApply" "clusterApply" "do.call" "parLapply" "parallel::parApply" "niche_DE" 
:6554860:301295501:380485336:0:"unserialize" "recvData.SOCKnode" "recvData" "FUN" "lapply" "staticClusterApply" "clusterApply" "do.call" "parLapply" "parallel::parApply" "niche_DE" 
:6554860:301295501:380485336:0:"unserialize" "recvData.SOCKnode" "recvData" "FUN" "lapply" "staticClusterApply" "clusterApply" "do.call" "parLapply" "parallel::parApply" "niche_DE" 
:6557688:301295547:380798488:197:".rs.recordTraceback" "<Anonymous>" "unserialize" "recvData.SOCKnode" "recvData" "FUN" "lapply" "staticClusterApply" "clusterApply" "do.call" "parLapply" "parallel::parApply" "niche_DE" 
:6580301:301298909:384638240:1424:
